<?xml version="1.0" encoding="UTF-8"?>
<!-- Generated by org.testng.reporters.JUnitXMLReporter -->
<testsuite ignored="3" hostname="DESKTOP-1H7995L" failures="0" tests="2" name="backoffice" time="42.033" errors="0" timestamp="2024-04-10T12:28:10 IST">
  <testcase classname="testing.prac" name="logintest" time="13.578"/>
  <testcase classname="testing.prac" name="logouttest" time="7.097"/>
  <testcase classname="testing.prac" name="tittletest" time="0.0">
    <ignored/>
  </testcase> <!-- tittletest -->
  <testcase classname="testing.prac" name="scrollingtest" time="0.0">
    <ignored/>
  </testcase> <!-- scrollingtest -->
  <testcase classname="testing.prac" name="screenshottest" time="0.0">
    <ignored/>
  </testcase> <!-- screenshottest -->
</testsuite> <!-- backoffice -->
