<?xml version="1.0" encoding="UTF-8"?>
<testng-results ignored="0" total="1" passed="1" failed="0" skipped="0">
  <reporter-output>
  </reporter-output>
  <suite started-at="2025-05-04T11:57:34 IST" name="Suite" finished-at="2025-05-04T11:57:37 IST" duration-ms="3564">
    <groups>
    </groups>
    <test started-at="2025-05-04T11:57:34 IST" name="Test" finished-at="2025-05-04T11:57:37 IST" duration-ms="3564">
      <class name="pageTest.login_test">
        <test-method is-config="true" signature="setup()[pri:0, instance:pageTest.login_test@57a78e3]" started-at="2025-05-04T11:57:34 IST" name="setup" finished-at="2025-05-04T11:57:37 IST" duration-ms="2874" status="PASS">
          <reporter-output>
          </reporter-output>
        </test-method> <!-- setup -->
        <test-method signature="login_TC1()[pri:1, instance:pageTest.login_test@57a78e3]" started-at="2025-05-04T11:57:37 IST" name="login_TC1" finished-at="2025-05-04T11:57:37 IST" duration-ms="395" status="PASS">
          <reporter-output>
          </reporter-output>
        </test-method> <!-- login_TC1 -->
        <test-method is-config="true" signature="teardown()[pri:0, instance:pageTest.login_test@57a78e3]" started-at="2025-05-04T11:57:37 IST" name="teardown" finished-at="2025-05-04T11:57:37 IST" duration-ms="165" status="PASS">
          <reporter-output>
          </reporter-output>
        </test-method> <!-- teardown -->
      </class> <!-- pageTest.login_test -->
    </test> <!-- Test -->
  </suite> <!-- Suite -->
</testng-results>
